[Bootstrap]
SetupTitle=Install
SetupText=Copying Files, please stand by.
CabFile=booksystem.CAB
Spawn=Setup1.exe
Uninstal=st6unst.exe
TmpDir=msftqws.pdw
Cabs=1

[Bootstrap Files]
File1=@VB6STKIT.DLL,$(WinSysPathSysFile),,,1/27/06 11:09:42 AM,101888,6.0.84.50
File2=@COMCAT.DLL,$(WinSysPathSysFile),$(DLLSelfRegister),,5/31/98 12:00:00 AM,22288,4.71.1460.1
File3=@MSVCRT40.DLL,$(WinSysPathSysFile),,,5/31/98 12:00:00 AM,326656,4.21.0.0
File4=@stdole2.tlb,$(WinSysPathSysFile),$(TLBRegister),,5/6/22 11:19:47 PM,18432,6.2.22621.1
File5=@asycfilt.dll,$(WinSysPathSysFile),,,5/6/22 11:20:00 PM,77312,6.2.22621.1
File6=@olepro32.dll,$(WinSysPathSysFile),$(DLLSelfRegister),,3/12/24 2:38:43 PM,97792,6.2.22621.3235
File7=@oleaut32.dll,$(WinSysPathSysFile),$(DLLSelfRegister),,6/11/24 6:07:11 PM,632240,6.2.22621.3672
File8=@msvbvm60.dll,$(WinSysPathSysFile),$(DLLSelfRegister),,5/6/22 11:20:00 PM,1436032,6.0.98.48

[IconGroups]
Group0=hub_books
PrivateGroup0=True
Parent0=$(Programs)

[hub_books]
Icon1="booksystem.exe"
Title1=hub_books
StartIn1=$(AppPath)

[Setup]
Title=hub_books
DefaultDir=$(ProgramFiles)\Project1
AppExe=booksystem.exe
AppToUninstall=booksystem.exe

[Setup1 Files]
File1=@MDAC_TYP.EXE,$(AppPath),,,6/26/98 12:00:00 AM,8124720,4.71.1015.0
File2=@RDOCURS.DLL,$(WinSysPath),,$(Shared),6/18/98 12:00:00 AM,151552,5.0.81.69
File3=@MSRDO20.DLL,$(WinSysPath),$(DLLSelfRegister),$(Shared),6/18/98 12:00:00 AM,393216,6.0.81.69
File4=@mscomctl.OCX,$(WinSysPath),$(DLLSelfRegister),$(Shared),3/24/09 12:52:40 PM,1069376,6.1.98.16
File5=@comct332.ocx,$(WinSysPath),$(DLLSelfRegister),$(Shared),12/6/00 2:01:52 PM,415176,6.7.0.8988
File6=@ComCt232.ocx,$(WinSysPath),$(DLLSelfRegister),$(Shared),3/24/09 1:52:32 PM,170080,6.0.98.16
File7=@ComDlg32.OCX,$(WinSysPath),$(DLLSelfRegister),$(Shared),3/24/09 12:52:32 PM,155984,6.1.98.16
File8=@msstdfmt.dll,$(WinSysPath),$(DLLSelfRegister),$(Shared),4/3/00 9:05:58 PM,118784,6.0.88.4
File9=@msadodc.ocx,$(WinSysPath),$(DLLSelfRegister),$(Shared),5/22/00 5:58:00 PM,118976,6.0.88.4
File10=@mscomct2.ocx,$(WinSysPath),$(DLLSelfRegister),$(Shared),3/24/09 12:52:40 PM,659264,6.1.98.16
File11=@msado28.tlb,$(WinSysPath),,$(Shared),5/6/22 11:20:21 PM,70656,6.2.22621.1
File12=@VB5DB.DLL,$(WinSysPath),,$(Shared),1/27/06 11:09:42 AM,89360,6.0.81.69
File13=@MSREPL35.DLL,$(WinSysPathSysFile),,,4/24/98 12:00:00 AM,407312,3.51.623.0
File14=@MSRD2X35.DLL,$(WinSysPathSysFile),$(DLLSelfRegister),,4/24/98 12:00:00 AM,252176,3.51.623.0
File15=@expsrv.dll,$(WinSysPathSysFile),,,5/6/22 11:19:59 PM,380957,6.0.72.9589
File16=@vbajet32.dll,$(WinSysPathSysFile),,,5/6/22 11:19:59 PM,30749,6.0.1.9431
File17=@MSJINT35.DLL,$(WinSysPathSysFile),,,4/24/98 12:00:00 AM,123664,3.51.623.0
File18=@MSJTER35.DLL,$(WinSysPathSysFile),,,4/24/98 12:00:00 AM,24848,3.51.623.0
File19=@MSJET35.DLL,$(WinSysPathSysFile),$(DLLSelfRegister),,4/24/98 12:00:00 AM,1045776,3.51.623.4
File20=@DAO350.DLL,$(MSDAOPath),$(DLLSelfRegister),$(Shared),4/27/98 12:00:00 AM,570128,3.51.1608.0
File21=@booksystem.exe,$(AppPath),,,8/11/24 11:16:28 PM,114688,1.0.0.0

; The following lines may be deleted in order to obtain extra 
; space for customizing this file on a full installation diskette.
; 
; XXXXXXXXXXXXXXXXXXXXXXXXXXXXXXXXXXXXXXXXXXXXXXXXXXXXXXXXXXXX
; XXXXXXXXXXXXXXXXXXXXXXXXXXXXXXXXXXXXXXXXXXXXXXXXXXXXXXXXXXXX
; XXXXXXXXXXXXXXXXXXXXXXXXXXXXXXXXXXXXXXXXXXXXXXXXXXXXXXXXXXXX
; XXXXXXXXXXXXXXXXXXXXXXXXXXXXXXXXXXXXXXXXXXXXXXXXXXXXXXXXXXXX
; XXXXXXXXXXXXXXXXXXXXXXXXXXXXXXXXXXXXXXXXXXXXXXXXXXXXXXXXXXXX
; XXXXXXXXXXXXXXXXXXXXXXXXXXXXXXXXXXXXXXXXXXXXXXXXXXXXXXXXXXXX
; XXXXXXXXXXXXXXXXXXXXXXXXXXXXXXXXXXXXXXXXXXXXXXXXXXXXXXXXXXXX
; XXXXXXXXXXXXXXXXXXXXXXXXXXXXXXXXXXXXXXXXXXXXXXXXXXXXXXXXXXXX
; XXXXXXXXXXXXXXXXXXXXXXXXXXXXXXXXXXXXXXXXXXXXXXXXXXXXXXXXXXXX
; XXXXXXXXXXXXXXXXXXXXXXXXXXXXXXXXXXXXXXXXXXXXXXXXXXXXXXXXXXXX
; XXXXXXXXXXXXXXXXXXXXXXXXXXXXXXXXXXXXXXXXXXXXXXXXXXXXXXXXXXXX
; XXXXXXXXXXXXXXXXXXXXXXXXXXXXXXXXXXXXXXXXXXXXXXXXXXXXXXXXXXXX
; XXXXXXXXXXXXXXXXXXXXXXXXXXXXXXXXXXXXXXXXXXXXXXXXXXXXXXXXXXXX
; XXXXXXXXXXXXXXXXXXXXXXXXXXXXXXXXXXXXXXXXXXXXXXXXXXXXXXXXXXXX
; XXXXXXXXXXXXXXXXXXXXXXXXXXXXXXXXXXXXXXXXXXXXXXXXXXXXXXXXXXXX
; XXXXXXXXXXXXXXXXXXXXXXXXXXXXXXXXXXXXXXXXXXXXXXXXXXXXXXXXXXXX
; XXXXXXXXXXXXXXXXXXXXXXXXXXXXXXXXXXXXXXXXXXXXXXXXXXXXXXXXXXXX
; XXXXXXXXXXXXXXXXXXXXXXXXXXXXXXXXXXXXXXXXXXXXXXXXXXXXXXXXXXXX
; XXXXXXXXXXXXXXXXXXXXXXXXXXXXXXXXXXXXXXXXXXXXXXXXXXXXXXXXXXXX
; XXXXXXXXXXXXXXXXXXXXXXXXXXXXXXXXXXXXXXXXXXXXXXXXXXXXXXXXXXXX
; XXXXXXXXXXXXXXXXXXXXXXXXXXXXXXXXXXXXXXXXXXXXXXXXXXXXXXXXXXXX
; XXXXXXXXXXXXXXXXXXXXXXXXXXXXXXXXXXXXXXXXXXXXXXXXXXXXXXXXXXXX
; XXXXXXXXXXXXXXXXXXXXXXXXXXXXXXXXXXXXXXXXXXXXXXXXXXXXXXXXXXXX
; XXXXXXXXXXXXXXXXXXXXXXXXXXXXXXXXXXXXXXXXXXXXXXXXXXXXXXXXXXXX
; XXXXXXXXXXXXXXXXXXXXXXXXXXXXXXXXXXXXXXXXXXXXXXXXXXXXXXXXXXXX
; XXXXXXXXXXXXXXXXXXXXXXXXXXXXXXXXXXXXXXXXXXXXXXXXXXXXXXXXXXXX
; XXXXXXXXXXXXXXXXXXXXXXXXXXXXXXXXXXXXXXXXXXXXXXXXXXXXXXXXXXXX
; XXXXXXXXXXXXXXXXXXXXXXXXXXXXXXXXXXXXXXXXXXXXXXXXXXXXXXXXXXXX
; XXXXXXXXXXXXXXXXXXXXXXXXXXXXXXXXXXXXXXXXXXXXXXXXXXXXXXXXXXXX
; XXXXXXXXXXXXXXXXXXXXXXXXXXXXXXXXXXXXXXXXXXXXXXXXXXXXXXXXXXXX
; XXXXXXXXXXXXXXXXXXXXXXXXXXXXXXXXXXXXXXXXXXXXXXXXXXXXXXXXXXXX
; XXXXXXXXXXXXXXXXXXXXXXXXXXXXXXXXXXXXXXXXXXXXXXXXXXXXXXXXXXXX
; XXXXXXXXXXXXXXXXXXXXXXXXXXXXXXXXXXXXXXXXXXXXXXXXXXXXXXXXXXXX
; XXXXXXXXXXXXXXXXXXXXXXXXXXXXXXXXXXXXXXXXXXXXXXXXXXXXXXXXXXXX
; XXXXXXXXXXXXXXXXXXXXXXXXXXXXXXXXXXXXXXXXXXXXXXXXXXXXXXXXXXXX
